<?xml version="1.0" encoding="UTF-8"?>
<!-- Generated by org.testng.reporters.JUnitReportReporter -->
<testsuite skipped="0" hostname="user-PC" name="qaclickacademy.Mavenjava.SeleniumTest" tests="2" failures="0" timestamp="2021-11-10T08:07:28 IST" time="0.002" errors="0">
  <testcase name="elementUI" time="0.001" classname="qaclickacademy.Mavenjava.SeleniumTest"/>
  <system-out/>
  <testcase name="browserAutomation" time="0.001" classname="qaclickacademy.Mavenjava.SeleniumTest"/>
  <system-out/>
</testsuite> <!-- qaclickacademy.Mavenjava.SeleniumTest -->
