<?xml version="1.0" encoding="UTF-8"?>
<!-- Generated by org.testng.reporters.JUnitReportReporter -->
<testsuite skipped="0" hostname="user-PC" name="qaclickacademy.Mavenjava.RestAPITest" tests="2" failures="0" timestamp="2021-11-10T08:07:28 IST" time="0.030" errors="0">
  <testcase name="postJira" time="0.001" classname="qaclickacademy.Mavenjava.RestAPITest"/>
  <system-out/>
  <testcase name="deleteTwitter" time="0.029" classname="qaclickacademy.Mavenjava.RestAPITest"/>
  <system-out/>
</testsuite> <!-- qaclickacademy.Mavenjava.RestAPITest -->
