<?xml version="1.0" encoding="UTF-8"?>
<!-- Generated by org.testng.reporters.JUnitReportReporter -->
<testsuite skipped="0" hostname="user-PC" name="qaclickacademy.Mavenjava.AppiumTest" tests="2" failures="0" timestamp="2021-11-10T08:07:28 IST" time="0.003" errors="0">
  <testcase name="iosApps" time="0.001" classname="qaclickacademy.Mavenjava.AppiumTest"/>
  <system-out/>
  <testcase name="nativeAppnAndroid" time="0.002" classname="qaclickacademy.Mavenjava.AppiumTest"/>
  <system-out/>
</testsuite> <!-- qaclickacademy.Mavenjava.AppiumTest -->
